<?xml version="1.0" encoding="UTF-8"?>
<!-- Generated by org.testng.reporters.JUnitReportReporter -->
<testsuite hostname="ABIMOHAN" failures="0" tests="1" name="end2endProject.BaseConfiguration" time="10.867" errors="0" timestamp="2021-12-22T14:44:40 IST" skipped="0">
  <testcase classname="end2endProject.BaseConfiguration" name="initBrowser" time="10.867"/>
  <system-out/>
</testsuite> <!-- end2endProject.BaseConfiguration -->
