<?xml version="1.0" encoding="UTF-8"?>
<!-- Generated by org.testng.reporters.JUnitReportReporter -->
<testsuite hostname="ABIMOHAN" failures="0" tests="1" name="end2endProject.NewCustomerTest" time="11.849" errors="0" timestamp="2021-12-27T20:53:34 IST" skipped="0">
  <testcase classname="end2endProject.NewCustomerTest" name="addNewCustomerTest" time="11.849"/>
  <system-out/>
</testsuite> <!-- end2endProject.NewCustomerTest -->
